
Cadence Innovus(TM) Implementation System.
Copyright 2021 Cadence Design Systems, Inc. All rights reserved worldwide.

Version:	v21.10-p004_1, built Tue May 18 11:58:29 PDT 2021
Options:	
Date:		Mon Jan 20 10:11:44 2025
Host:		vlsicadclient07 (x86_64 w/Linux 3.10.0-957.el7.x86_64) (6cores*12cpus*Intel(R) Core(TM) i7-8700 CPU @ 3.20GHz 12288KB)
OS:		Red Hat Enterprise Linux Workstation release 7.6 (Maipo)

License:
		invs	Innovus Implementation System	21.1	checkout succeeded
		8 CPU jobs allowed with the current license(s). Use setMultiCpuUsage to set your required CPU count.
The soft stacksize limit is either up to the hard limit or larger than 0.2% of RAM. No change is needed.

**INFO:  MMMC transition support version v31-84 

<CMD> set_global _enable_mmmc_by_default_flow      $CTE::mmmc_default
<CMD> suppressMessage ENCEXT-2799
<CMD> getVersion
[INFO] Loading PVS 21.12 fill procedures
<CMD> win
**INFO (INTERRUPT): One more Ctrl-C to exit Innovus ...
Innovus terminated by user interrupt.

*** Memory Usage v#1 (Current mem = 741.980M, initial mem = 292.844M) ***
*** Message Summary: 0 warning(s), 0 error(s)

--- Ending "Innovus" (totcpu=0:00:15.2, real=0:02:09, mem=742.0M) ---
