###############################################################
#  Generated by:      Cadence Innovus 21.10-p004_1
#  OS:                Linux x86_64(Host ID vlsicadclient07)
#  Generated on:      Fri Jan 17 19:12:20 2025
#  Design:            counter
#  Command:           verify_drc
###############################################################
#set_verify_drc_mode -check_ndr_spacing auto -check_only default -check_same_via_cell true -exclude_pg_net false -ignore_cell_blockage false -ignore_trial_route false -limit 1000 -report counter.drc.rpt -use_min_spacing_on_block_obs auto

SHORT: ( Cut Short ) Regular Wire of Net n_4 & Regular Wire of Net rst  ( Via2 )
Bounds : ( 15.865, 11.080 ) ( 15.935, 11.150 )


MAR: ( Minimum Area ) Regular Wire of Net rst  ( Metal2 )
Bounds : ( 12.635, 9.365 ) ( 12.765, 9.445 )


MAR: ( Minimum Area ) Regular Wire of Net n_4  ( Metal2 )
Bounds : ( 12.635, 11.075 ) ( 12.765, 11.155 )


MAR: ( Minimum Area ) Regular Wire of Net count[3]  ( Metal2 )
Bounds : ( 14.035, 11.480 ) ( 14.205, 11.535 )


MAR: ( Minimum Area ) Regular Wire of Net n_4  ( Metal2 )
Bounds : ( 14.435, 11.075 ) ( 14.605, 11.140 )


MAR: ( Minimum Area ) Regular Wire of Net rst  ( Metal2 )
Bounds : ( 15.835, 11.075 ) ( 15.965, 11.155 )


MAR: ( Minimum Area ) Regular Wire of Net rst  ( Metal2 )
Bounds : ( 16.235, 9.365 ) ( 16.365, 9.445 )


MAR: ( Minimum Area ) Regular Wire of Net n_3  ( Metal2 )
Bounds : ( 18.235, 9.555 ) ( 18.430, 9.595 )


SHORT: ( Metal Short ) Special Wire of Net VDD & Pin of Cell g195__3680  ( Metal1 )
Bounds : ( 13.400, 11.910 ) ( 14.600, 12.030 )


SHORT: ( Metal Short ) Special Wire of Net VDD & Pin of Cell count_reg[3]  ( Metal1 )
Bounds : ( 14.600, 11.910 ) ( 18.200, 12.030 )


SHORT: ( Metal Short ) Regular Wire of Net n_8 & Blockage of Cell count_reg[4]  ( Metal1 )
Bounds : ( 14.725, 9.490 ) ( 14.805, 9.495 )


SHORT: ( Metal Short ) Regular Wire of Net n_5 & Blockage of Cell count_reg[3]  ( Metal1 )
Bounds : ( 17.925, 11.025 ) ( 18.005, 11.030 )


SHORT: ( Metal Short ) Regular Wire of Net n_3 & Blockage of Cell count_reg[2]  ( Metal1 )
Bounds : ( 18.325, 9.490 ) ( 18.405, 9.495 )


SHORT: ( Metal Short ) Regular Wire of Net n_8 & Regular Wire of Net clk  ( Metal2 )
Bounds : ( 14.660, 9.515 ) ( 14.740, 9.635 )


SHORT: ( Metal Short ) Regular Wire of Net n_8 & Regular Wire of Net clk  ( Metal2 )
Bounds : ( 14.660, 9.555 ) ( 14.765, 9.595 )


SHORT: ( Metal Short ) Regular Wire of Net n_4 & Regular Wire of Net rst  ( Metal2 )
Bounds : ( 15.835, 11.075 ) ( 15.965, 11.155 )


SHORT: ( Metal Short ) Regular Wire of Net n_4 & Regular Wire of Net rst  ( Metal3 )
Bounds : ( 15.860, 11.050 ) ( 15.940, 11.180 )


SPACING: ( ParallelRunLength Spacing ) Regular Wire of Net count[3] & Pin of Cell g197__1617  ( Metal1 )
Bounds : ( 13.060, 11.370 ) ( 13.115, 11.420 )


SPACING: ( ParallelRunLength Spacing ) Regular Wire of Net n_5 & Pin of Cell g195__3680  ( Metal1 )
Bounds : ( 13.775, 10.605 ) ( 13.810, 10.670 )


SPACING: ( ParallelRunLength Spacing ) Regular Wire of Net n_5 & Pin of Cell g195__3680  ( Metal1 )
Bounds : ( 13.775, 10.670 ) ( 13.810, 10.710 )


SPACING: ( ParallelRunLength Spacing ) Regular Wire of Net n_5  ( Metal2 )
Bounds : ( 13.835, 10.645 ) ( 13.860, 10.695 )


SPACING: ( ParallelRunLength Spacing ) Regular Wire of Net clk  ( Metal2 )
Bounds : ( 14.830, 9.555 ) ( 14.835, 9.595 )


SPACING: ( ParallelRunLength Spacing ) Regular Wire of Net clk & Regular Wire of Net n_8  ( Metal3 )
Bounds : ( 14.660, 9.660 ) ( 14.740, 9.720 )


SHORT: ( Metal Short ) Special Wire of Net VDD & Pin of Cell g189__4319  ( Metal1 )
Bounds : ( 9.400, 11.910 ) ( 10.600, 12.030 )


SHORT: ( Metal Short ) Special Wire of Net VDD & Pin of Cell g194__6783  ( Metal1 )
Bounds : ( 10.600, 11.910 ) ( 11.400, 12.030 )


SPACING: ( ParallelRunLength Spacing ) Regular Wire of Net count[5] & Regular Wire of Net count[4]  ( Metal3 )
Bounds : ( 11.060, 11.180 ) ( 11.140, 11.240 )


SPACING: ( ParallelRunLength Spacing ) Regular Wire of Net n_7  ( Metal3 )
Bounds : ( 10.660, 10.800 ) ( 10.740, 10.860 )


SPACING: ( ParallelRunLength Spacing ) Regular Wire of Net n_9 & Regular Wire of Net count[5]  ( Metal3 )
Bounds : ( 9.860, 10.990 ) ( 9.940, 11.050 )


SPACING: ( ParallelRunLength Spacing ) Regular Wire of Net n_8 & Blockage of Cell g192__8428  ( Metal1 )
Bounds : ( 11.850, 10.800 ) ( 11.930, 10.855 )


SPACING: ( ParallelRunLength Spacing ) Regular Wire of Net n_8 & Pin of Cell g192__8428  ( Metal1 )
Bounds : ( 11.820, 10.735 ) ( 11.850, 10.775 )


SPACING: ( ParallelRunLength Spacing ) Regular Wire of Net n_9 & Blockage of Cell g189__4319  ( Metal1 )
Bounds : ( 9.850, 10.800 ) ( 9.930, 10.855 )


SPACING: ( ParallelRunLength Spacing ) Regular Wire of Net n_9 & Pin of Cell g189__4319  ( Metal1 )
Bounds : ( 9.820, 10.735 ) ( 9.850, 10.775 )


EndOfLine: ( EndOfLine Spacing ) Pin of Cell g192__8428 & Blockage of Cell g192__8428  ( Metal1 )
Bounds : ( 11.850, 10.800 ) ( 11.930, 10.855 )


EndOfLine: ( EndOfLine Spacing ) Pin of Cell g189__4319 & Blockage of Cell g189__4319  ( Metal1 )
Bounds : ( 9.850, 10.800 ) ( 9.930, 10.855 )


SHORT: ( Metal Short ) Regular Wire of Net count[5] & Regular Wire of Net n_10  ( Metal3 )
Bounds : ( 9.460, 11.075 ) ( 9.940, 11.155 )


SHORT: ( Metal Short ) Regular Wire of Net n_8 & Regular Wire of Net n_7  ( Metal2 )
Bounds : ( 11.835, 10.695 ) ( 11.955, 10.775 )


SHORT: ( Metal Short ) Regular Wire of Net n_6 & Regular Wire of Net n_7  ( Metal2 )
Bounds : ( 10.635, 10.885 ) ( 10.765, 10.965 )


MAR: ( Minimum Area ) Regular Wire of Net n_6  ( Metal2 )
Bounds : ( 12.435, 10.885 ) ( 12.565, 10.965 )


MAR: ( Minimum Area ) Regular Wire of Net count[4]  ( Metal2 )
Bounds : ( 11.035, 11.265 ) ( 11.165, 11.345 )


MAR: ( Minimum Area ) Regular Wire of Net n_7  ( Metal2 )
Bounds : ( 10.435, 10.885 ) ( 10.565, 10.965 )


MAR: ( Minimum Area ) Regular Wire of Net count[5]  ( Metal2 )
Bounds : ( 10.035, 11.075 ) ( 10.165, 11.155 )


MAR: ( Minimum Area ) Regular Wire of Net n_10  ( Metal2 )
Bounds : ( 9.835, 11.075 ) ( 9.965, 11.155 )


SHORT: ( Cut Short ) Regular Wire of Net n_6 & Regular Wire of Net n_7  ( Via2 )
Bounds : ( 10.665, 10.890 ) ( 10.735, 10.960 )


SHORT: ( Metal Short ) Special Wire of Net VSS & Pin of Cell g191__5526  ( Metal1 )
Bounds : ( 10.600, 10.200 ) ( 11.400, 10.320 )


SHORT: ( Metal Short ) Regular Wire of Net n_6 & Regular Wire of Net n_7  ( Metal3 )
Bounds : ( 10.660, 10.860 ) ( 10.740, 10.990 )


SPACING: ( ParallelRunLength Spacing ) Regular Wire of Net count[4] & Pin of Cell g194__6783  ( Metal1 )
Bounds : ( 11.060, 11.370 ) ( 11.115, 11.420 )


SPACING: ( ParallelRunLength Spacing ) Regular Wire of Net n_10 & Regular Wire of Net n_11  ( Metal3 )
Bounds : ( 9.460, 9.090 ) ( 9.540, 9.150 )


SPACING: ( ParallelRunLength Spacing ) Regular Wire of Net n_10 & Regular Wire of Net count[4]  ( Metal2 )
Bounds : ( 11.395, 9.060 ) ( 11.460, 9.115 )


SPACING: ( ParallelRunLength Spacing ) Regular Wire of Net n_11 & Regular Wire of Net n_7  ( Metal2 )
Bounds : ( 10.620, 9.365 ) ( 10.635, 9.400 )


SPACING: ( ParallelRunLength Spacing ) Regular Wire of Net n_11  ( Metal2 )
Bounds : ( 10.540, 9.255 ) ( 10.565, 9.320 )


SPACING: ( ParallelRunLength Spacing ) Regular Wire of Net n_12  ( Metal2 )
Bounds : ( 9.940, 9.635 ) ( 9.965, 9.670 )


EndOfLine: ( EndOfLine Spacing ) Regular Wire of Net n_11 & Regular Wire of Net n_7  ( Metal2 )
Bounds : ( 10.620, 9.365 ) ( 10.635, 9.400 )


MAR: ( Minimum Area ) Regular Wire of Net n_10  ( Metal2 )
Bounds : ( 11.235, 9.035 ) ( 11.395, 9.065 )


MAR: ( Minimum Area ) Regular Wire of Net count[6]  ( Metal2 )
Bounds : ( 10.035, 9.365 ) ( 10.165, 9.445 )


SPACING: ( ParallelRunLength Spacing ) Regular Wire of Net count[5] & Pin of Cell g191__5526  ( Metal1 )
Bounds : ( 11.060, 9.100 ) ( 11.115, 9.150 )


SHORT: ( Metal Short ) Regular Wire of Net n_9 & Blockage of Cell count_reg[5]  ( Metal1 )
Bounds : ( 9.125, 11.025 ) ( 9.205, 11.030 )


SHORT: ( Metal Short ) Regular Wire of Net n_12 & Blockage of Cell count_reg[6]  ( Metal1 )
Bounds : ( 8.525, 9.490 ) ( 8.605, 9.495 )


MAR: ( Minimum Area ) Regular Wire of Net n_12  ( Metal2 )
Bounds : ( 8.435, 9.555 ) ( 8.630, 9.595 )


MAR: ( Minimum Area ) Regular Wire of Net n_9  ( Metal2 )
Bounds : ( 9.035, 10.925 ) ( 9.230, 10.965 )


SHORT: ( Metal Short ) Regular Wire of Net n_10 & Regular Wire of Net n_11  ( Metal2 )
Bounds : ( 9.235, 9.175 ) ( 9.255, 9.190 )


SPACING: ( ParallelRunLength Spacing ) Regular Wire of Net n_10 & Blockage of Cell g186__5107  ( Metal1 )
Bounds : ( 9.230, 9.085 ) ( 9.280, 9.215 )


SPACING: ( ParallelRunLength Spacing ) Regular Wire of Net clk  ( Metal3 )
Bounds : ( 7.660, 9.660 ) ( 7.740, 9.720 )


SHORT: ( Metal Short ) Regular Wire of Net n_10 & Regular Wire of Net n_11  ( Metal3 )
Bounds : ( 9.260, 9.175 ) ( 9.540, 9.255 )


SHORT: ( Metal Short ) Regular Wire of Net clk & Regular Wire of Net n_12  ( Metal3 )
Bounds : ( 8.460, 9.555 ) ( 9.940, 9.635 )


MAR: ( Minimum Area ) Regular Wire of Net clk  ( Metal2 )
Bounds : ( 5.435, 9.365 ) ( 5.565, 9.445 )


MAR: ( Minimum Area ) Regular Wire of Net clk  ( Metal2 )
Bounds : ( 6.035, 11.075 ) ( 6.165, 11.155 )


SHORT: ( Metal Short ) Regular Wire of Net clk & Regular Wire of Net count[6]  ( Metal3 )
Bounds : ( 5.460, 9.365 ) ( 5.740, 9.445 )


SHORT: ( Metal Short ) Regular Wire of Net count[5] & Regular Wire of Net clk  ( Metal3 )
Bounds : ( 5.860, 11.075 ) ( 6.140, 11.155 )


SHORT: ( Metal Short ) Special Wire of Net VDD & Pin of Cell count_reg[5]  ( Metal1 )
Bounds : ( 5.800, 11.910 ) ( 9.400, 12.030 )


SHORT: ( Metal Short ) Special Wire of Net VSS & Pin of Cell count_reg[6]  ( Metal1 )
Bounds : ( 5.200, 10.200 ) ( 10.600, 10.320 )


SHORT: ( Metal Short ) Special Wire of Net VDD & Pin of Cell g192__8428  ( Metal1 )
Bounds : ( 11.400, 11.910 ) ( 12.600, 12.030 )


SHORT: ( Metal Short ) Special Wire of Net VDD & Pin of Cell g197__1617  ( Metal1 )
Bounds : ( 12.600, 11.910 ) ( 13.400, 12.030 )


SPACING: ( ParallelRunLength Spacing ) Special Wire of Net VDD & Special Wire of Net VSS  ( Metal11 )
Bounds : ( 3.700, 13.270 ) ( 21.500, 13.370 )


SHORT: ( Metal Short ) Special Wire of Net VSS & Pin of Cell count_reg[3]  ( Metal1 )
Bounds : ( 11.400, 10.200 ) ( 18.600, 10.320 )


SHORT: ( Metal Short ) Regular Wire of Net n_3 & Regular Wire of Net n_2  ( Metal2 )
Bounds : ( 17.660, 7.275 ) ( 17.740, 7.545 )


SHORT: ( Metal Short ) Regular Wire of Net n_2 & Regular Wire of Net n_3  ( Metal2 )
Bounds : ( 17.635, 7.275 ) ( 17.765, 7.355 )


SHORT: ( Metal Short ) Regular Wire of Net count[1] & Regular Wire of Net n_1  ( Metal2 )
Bounds : ( 16.060, 6.135 ) ( 16.140, 6.405 )


SHORT: ( Metal Short ) Regular Wire of Net n_2 & Regular Wire of Net count[1]  ( Metal2 )
Bounds : ( 16.035, 5.945 ) ( 16.165, 6.025 )


SHORT: ( Cut Short ) Regular Wire of Net n_3 & Regular Wire of Net n_2  ( Via2 )
Bounds : ( 17.665, 7.280 ) ( 17.735, 7.350 )


SHORT: ( Cut Short ) Regular Wire of Net n_2 & Regular Wire of Net count[1]  ( Via2 )
Bounds : ( 16.065, 5.950 ) ( 16.135, 6.020 )


MAR: ( Minimum Area ) Regular Wire of Net n_2  ( Metal2 )
Bounds : ( 16.035, 5.945 ) ( 16.165, 6.025 )


MAR: ( Minimum Area ) Regular Wire of Net count[1]  ( Metal2 )
Bounds : ( 16.235, 5.945 ) ( 16.365, 6.025 )


MAR: ( Minimum Area ) Regular Wire of Net count[0]  ( Metal2 )
Bounds : ( 16.635, 6.135 ) ( 16.765, 6.215 )


MAR: ( Minimum Area ) Regular Wire of Net n_3  ( Metal2 )
Bounds : ( 17.025, 7.275 ) ( 17.165, 7.355 )


MAR: ( Minimum Area ) Regular Wire of Net count[2]  ( Metal2 )
Bounds : ( 17.235, 7.655 ) ( 17.365, 7.735 )


SHORT: ( Metal Short ) Regular Wire of Net n_2 & Regular Wire of Net count[1]  ( Metal3 )
Bounds : ( 16.060, 5.920 ) ( 16.140, 6.050 )


SHORT: ( Metal Short ) Regular Wire of Net n_3 & Regular Wire of Net n_2  ( Metal3 )
Bounds : ( 17.060, 7.275 ) ( 17.740, 7.355 )


SHORT: ( Metal Short ) Regular Wire of Net n_3 & Regular Wire of Net n_2  ( Metal3 )
Bounds : ( 17.660, 7.250 ) ( 17.740, 7.380 )


EndOfLine: ( EndOfLine Spacing ) Pin of Cell g201__5122 & Blockage of Cell g201__5122  ( Metal1 )
Bounds : ( 16.050, 6.245 ) ( 16.130, 6.300 )


EndOfLine: ( EndOfLine Spacing ) Pin of Cell g198__2802 & Blockage of Cell g198__2802  ( Metal1 )
Bounds : ( 17.050, 7.380 ) ( 17.130, 7.435 )


SPACING: ( ParallelRunLength Spacing ) Regular Wire of Net n_1 & Pin of Cell g201__5122  ( Metal1 )
Bounds : ( 16.020, 6.325 ) ( 16.050, 6.365 )


SPACING: ( ParallelRunLength Spacing ) Regular Wire of Net n_1 & Blockage of Cell g201__5122  ( Metal1 )
Bounds : ( 16.050, 6.245 ) ( 16.130, 6.300 )


SPACING: ( ParallelRunLength Spacing ) Regular Wire of Net count[2] & Pin of Cell g200__1705  ( Metal1 )
Bounds : ( 16.260, 7.950 ) ( 16.315, 8.000 )


SPACING: ( ParallelRunLength Spacing ) Regular Wire of Net n_3 & Pin of Cell g198__2802  ( Metal1 )
Bounds : ( 17.020, 7.315 ) ( 17.050, 7.355 )


SPACING: ( ParallelRunLength Spacing ) Regular Wire of Net n_3 & Blockage of Cell g198__2802  ( Metal1 )
Bounds : ( 17.050, 7.380 ) ( 17.130, 7.435 )


SPACING: ( ParallelRunLength Spacing ) Regular Wire of Net n_4  ( Metal2 )
Bounds : ( 16.540, 7.925 ) ( 16.565, 7.985 )


SPACING: ( ParallelRunLength Spacing ) Regular Wire of Net n_2 & Regular Wire of Net n_1  ( Metal3 )
Bounds : ( 16.060, 6.050 ) ( 16.140, 6.110 )


SPACING: ( ParallelRunLength Spacing ) Regular Wire of Net n_0 & Blockage of Cell g203__8246  ( Metal1 )
Bounds : ( 15.405, 7.510 ) ( 15.455, 7.640 )


SPACING: ( ParallelRunLength Spacing ) Regular Wire of Net n_2 & Regular Wire of Net n_0  ( Metal1 )
Bounds : ( 15.280, 7.430 ) ( 15.360, 7.440 )


SHORT: ( Metal Short ) Regular Wire of Net n_1 & Blockage of Cell count_reg[1]  ( Metal1 )
Bounds : ( 15.325, 6.070 ) ( 15.405, 6.075 )


MAR: ( Minimum Area ) Regular Wire of Net n_0  ( Metal2 )
Bounds : ( 14.435, 7.465 ) ( 14.565, 7.545 )


MAR: ( Minimum Area ) Regular Wire of Net n_1  ( Metal2 )
Bounds : ( 15.235, 6.135 ) ( 15.430, 6.175 )


MAR: ( Minimum Area ) Regular Wire of Net n_2  ( Metal2 )
Bounds : ( 15.235, 7.325 ) ( 15.385, 7.355 )


EndOfLine: ( EndOfLine Spacing ) Blockage of Cell count_reg[0] & Pin of Cell count_reg[0]  ( Metal1 )
Bounds : ( 14.460, 7.395 ) ( 14.460, 7.440 )


EndOfLine: ( EndOfLine Spacing ) Regular Wire of Net n_2 & Pin of Cell g203__8246  ( Metal1 )
Bounds : ( 15.280, 7.430 ) ( 15.280, 7.440 )


SPACING: ( ParallelRunLength Spacing ) Regular Wire of Net n_0 & Pin of Cell count_reg[0]  ( Metal1 )
Bounds : ( 14.460, 7.395 ) ( 14.460, 7.440 )


SPACING: ( ParallelRunLength Spacing ) Regular Wire of Net n_0 & Pin of Cell g203__8246  ( Metal1 )
Bounds : ( 15.280, 7.575 ) ( 15.325, 7.640 )


SPACING: ( ParallelRunLength Spacing ) Regular Wire of Net n_2 & Regular Wire of Net n_0  ( Metal2 )
Bounds : ( 15.255, 7.405 ) ( 15.365, 7.465 )


SPACING: ( ParallelRunLength Spacing ) Regular Wire of Net n_2 & Regular Wire of Net n_0  ( Metal3 )
Bounds : ( 15.260, 7.380 ) ( 15.340, 7.440 )


SHORT: ( Metal Short ) Regular Wire of Net count[1] & Regular Wire of Net count[2]  ( Metal3 )
Bounds : ( 15.660, 7.655 ) ( 16.140, 7.735 )


SHORT: ( Metal Short ) Regular Wire of Net n_1 & Regular Wire of Net count[0]  ( Metal3 )
Bounds : ( 15.260, 6.135 ) ( 16.140, 6.215 )


MAR: ( Minimum Area ) Regular Wire of Net count[1]  ( Metal2 )
Bounds : ( 15.635, 7.655 ) ( 15.765, 7.735 )


SHORT: ( Metal Short ) Special Wire of Net VDD & Pin of Cell g201__5122  ( Metal1 )
Bounds : ( 15.600, 5.070 ) ( 16.800, 5.190 )


SHORT: ( Metal Short ) Regular Wire of Net rst & Regular Wire of Net clk  ( Metal3 )
Bounds : ( 11.860, 7.655 ) ( 12.140, 7.735 )


SHORT: ( Metal Short ) Regular Wire of Net n_13 & Blockage of Cell count_reg[7]  ( Metal1 )
Bounds : ( 10.725, 7.605 ) ( 10.805, 7.610 )


SHORT: ( Metal Short ) Special Wire of Net VDD & Pin of Cell g184__2398  ( Metal1 )
Bounds : ( 9.400, 5.070 ) ( 10.800, 5.190 )


SHORT: ( Metal Short ) Special Wire of Net VSS & Pin of Cell count_reg[7]  ( Metal1 )
Bounds : ( 7.400, 6.780 ) ( 11.000, 6.900 )


MAR: ( Minimum Area ) Regular Wire of Net rst  ( Metal2 )
Bounds : ( 8.635, 7.655 ) ( 8.765, 7.735 )


MAR: ( Minimum Area ) Regular Wire of Net clk  ( Metal2 )
Bounds : ( 11.835, 7.655 ) ( 11.965, 7.735 )


MAR: ( Minimum Area ) Regular Wire of Net rst  ( Metal2 )
Bounds : ( 12.435, 7.655 ) ( 12.565, 7.735 )


EndOfLine: ( EndOfLine Spacing ) Regular Wire of Net n_13 & Blockage of Cell g184__2398  ( Metal1 )
Bounds : ( 9.580, 6.215 ) ( 9.635, 6.220 )


EndOfLine: ( EndOfLine Spacing ) Regular Wire of Net count[0] & Blockage of Cell count_reg[0]  ( Metal1 )
Bounds : ( 11.730, 7.490 ) ( 11.770, 7.495 )


SPACING: ( ParallelRunLength Spacing ) Regular Wire of Net n_13 & Pin of Cell g184__2398  ( Metal1 )
Bounds : ( 9.580, 6.215 ) ( 9.635, 6.220 )


SPACING: ( ParallelRunLength Spacing ) Regular Wire of Net count[7] & Blockage of Cell g184__2398  ( Metal1 )
Bounds : ( 9.855, 5.880 ) ( 9.880, 6.010 )


SPACING: ( ParallelRunLength Spacing ) Regular Wire of Net n_11 & Blockage of Cell g184__2398  ( Metal1 )
Bounds : ( 10.585, 5.880 ) ( 10.605, 6.010 )


SPACING: ( ParallelRunLength Spacing ) Regular Wire of Net count[0] & Blockage of Cell count_reg[0]  ( Metal1 )
Bounds : ( 11.730, 7.490 ) ( 11.770, 7.495 )


SPACING: ( ParallelRunLength Spacing ) Regular Wire of Net count[7] & Regular Wire of Net clk  ( Metal2 )
Bounds : ( 7.605, 7.960 ) ( 7.660, 8.040 )


SHORT: ( Metal Short ) Special Wire of Net VDD & Pin of Cell count_reg[1]  ( Metal1 )
Bounds : ( 12.000, 5.070 ) ( 15.600, 5.190 )


SPACING: ( ParallelRunLength Spacing ) Special Wire of Net VSS & Special Wire of Net VDD  ( Metal11 )
Bounds : ( 3.700, 3.730 ) ( 21.500, 3.830 )


SHORT: ( Metal Short ) Special Wire of Net VSS & Pin of Cell count_reg[0]  ( Metal1 )
Bounds : ( 11.000, 6.780 ) ( 17.800, 6.900 )


SHORT: ( Metal Short ) Special Wire of Net VDD & Pin of Cell count_reg[2]  ( Metal1 )
Bounds : ( 15.000, 8.490 ) ( 18.600, 8.610 )


SPACING: ( ParallelRunLength Spacing ) Special Wire of Net VSS & Special Wire of Net VDD  ( Metal10 )
Bounds : ( 3.600, 3.830 ) ( 3.700, 13.270 )


SPACING: ( ParallelRunLength Spacing ) Special Wire of Net VDD & Special Wire of Net VSS  ( Metal10 )
Bounds : ( 21.500, 3.830 ) ( 21.600, 13.270 )


SHORT: ( Metal Short ) Special Wire of Net VDD & Pin of Cell g191__5526  ( Metal1 )
Bounds : ( 5.200, 8.490 ) ( 15.000, 8.610 )


  Total Violations : 134 Viols.
