Cadence Genus(TM) Synthesis Solution.
Copyright 2021 Cadence Design Systems, Inc. All rights reserved worldwide.
Cadence and the Cadence logo are registered trademarks and Genus is a trademark
of Cadence Design Systems, Inc. in the United States and other countries.

Version: 21.10-p002_1, built Thu Aug 19 21:43:13 PDT 2021
Options: -legacy_ui 
Date:    Thu Jan 16 18:15:30 2025
Host:    vlsicadclient07 (x86_64 w/Linux 3.10.0-957.el7.x86_64) (6cores*12cpus*1physical cpu*Intel(R) Core(TM) i7-8700 CPU @ 3.20GHz 12288KB) (36699188KB)
PID:     7636
OS:      Red Hat Enterprise Linux Workstation release 7.6 (Maipo)

Checkout succeeded: Genus_Synthesis/AF9962AAA7C3F38A370F
	License file: 5280@172.16.201.225
	License Server: 5280@172.16.201.225
Checking out license: Genus_Synthesis


***********************************************************************************************************
***********************************************************************************************************



Loading tool scripts...
Finished loading tool scripts (7 seconds elapsed).

WARNING: This version of the tool is 1245 days old.
legacy_genus:/> exit
Normal exit.